This file contains any messages produced by compilers while
running configure, to aid debugging if configure makes a mistake.

It was created by opentsdb configure 2.2.0-SNAPSHOT, which was
generated by GNU Autoconf 2.65.  Invocation command line was

  $ ../configure 

## --------- ##
## Platform. ##
## --------- ##

hostname = web1063.ads.corp.inmobi.com
uname -m = x86_64
uname -r = 2.6.32-21-server
uname -s = Linux
uname -v = #32-Ubuntu SMP Fri Apr 16 09:17:34 UTC 2010

/usr/bin/uname -p = unknown
/bin/uname -X     = unknown

/bin/arch              = unknown
/usr/bin/arch -k       = unknown
/usr/convex/getsysinfo = unknown
/usr/bin/hostinfo      = unknown
/bin/machine           = unknown
/usr/bin/oslevel       = unknown
/bin/universe          = unknown

PATH: /usr/local/sbin
PATH: /usr/local/bin
PATH: /usr/sbin
PATH: /usr/bin
PATH: /sbin
PATH: /bin
PATH: /usr/X11R6/bin


## ----------- ##
## Core tests. ##
## ----------- ##

configure:1715: checking for a BSD-compatible install
configure:1783: result: /usr/bin/install -c
configure:1794: checking whether build environment is sane
configure:1844: result: yes
configure:1985: checking for a thread-safe mkdir -p
configure:2024: result: /bin/mkdir -p
configure:2037: checking for gawk
configure:2053: found /usr/bin/gawk
configure:2064: result: gawk
configure:2075: checking whether make sets $(MAKE)
configure:2097: result: yes
configure:2189: checking for md5sum
configure:2207: found /usr/bin/md5sum
configure:2219: result: /usr/bin/md5sum
configure:2241: checking for java
configure:2259: found /usr/bin/java
configure:2271: result: /usr/bin/java
configure:2290: checking for javac
configure:2308: found /usr/bin/javac
configure:2320: result: /usr/bin/javac
configure:2339: checking for jar
configure:2357: found /usr/bin/jar
configure:2369: result: /usr/bin/jar
configure:2390: checking for true
configure:2408: found /bin/true
configure:2420: result: /bin/true
configure:2437: checking for javadoc
configure:2455: found /usr/bin/javadoc
configure:2467: result: /usr/bin/javadoc
configure:2482: checking for wget
configure:2500: found /usr/bin/wget
configure:2512: result: /usr/bin/wget
configure:2522: checking for curl
configure:2540: found /usr/bin/curl
configure:2552: result: /usr/bin/curl
configure:2707: creating ./config.status

## ---------------------- ##
## Running config.status. ##
## ---------------------- ##

This file was extended by opentsdb config.status 2.2.0-SNAPSHOT, which was
generated by GNU Autoconf 2.65.  Invocation command line was

  CONFIG_FILES    = 
  CONFIG_HEADERS  = 
  CONFIG_LINKS    = 
  CONFIG_COMMANDS = 
  $ ./config.status 

on web1063.ads.corp.inmobi.com

config.status:752: creating Makefile
config.status:752: creating opentsdb.spec
config.status:752: creating build-aux/fetchdep.sh

## ---------------- ##
## Cache variables. ##
## ---------------- ##

ac_cv_env_build_alias_set=
ac_cv_env_build_alias_value=
ac_cv_env_host_alias_set=
ac_cv_env_host_alias_value=
ac_cv_env_target_alias_set=
ac_cv_env_target_alias_value=
ac_cv_path_CURL=/usr/bin/curl
ac_cv_path_GNUPLOT=/bin/true
ac_cv_path_JAR=/usr/bin/jar
ac_cv_path_JAVA=/usr/bin/java
ac_cv_path_JAVAC=/usr/bin/javac
ac_cv_path_JAVADOC=/usr/bin/javadoc
ac_cv_path_MD5=/usr/bin/md5sum
ac_cv_path_WGET=/usr/bin/wget
ac_cv_path_install='/usr/bin/install -c'
ac_cv_path_mkdir=/bin/mkdir
ac_cv_prog_AWK=gawk
ac_cv_prog_make_make_set=yes

## ----------------- ##
## Output variables. ##
## ----------------- ##

ACLOCAL='${SHELL} /home/kankit/opentsdb/build-aux/missing --run aclocal-1.11'
AMTAR='${SHELL} /home/kankit/opentsdb/build-aux/missing --run tar'
AUTOCONF='${SHELL} /home/kankit/opentsdb/build-aux/missing --run autoconf'
AUTOHEADER='${SHELL} /home/kankit/opentsdb/build-aux/missing --run autoheader'
AUTOMAKE='${SHELL} /home/kankit/opentsdb/build-aux/missing --run automake-1.11'
AWK='gawk'
CURL='/usr/bin/curl'
CYGPATH_W='echo'
DEFS='-DPACKAGE_NAME=\"opentsdb\" -DPACKAGE_TARNAME=\"opentsdb\" -DPACKAGE_VERSION=\"2.2.0-SNAPSHOT\" -DPACKAGE_STRING=\"opentsdb\ 2.2.0-SNAPSHOT\" -DPACKAGE_BUGREPORT=\"opentsdb@googlegroups.com\" -DPACKAGE_URL=\"\" -DPACKAGE=\"opentsdb\" -DVERSION=\"2.2.0-SNAPSHOT\"'
ECHO_C=''
ECHO_N='-n'
ECHO_T=''
GNUPLOT='/bin/true'
INSTALL_DATA='${INSTALL} -m 644'
INSTALL_PROGRAM='${INSTALL}'
INSTALL_SCRIPT='${INSTALL}'
INSTALL_STRIP_PROGRAM='$(install_sh) -c -s'
JAR='/usr/bin/jar'
JAVA='/usr/bin/java'
JAVAC='/usr/bin/javac'
JAVADOC='/usr/bin/javadoc'
LIBOBJS=''
LIBS=''
LTLIBOBJS=''
MAKEINFO='${SHELL} /home/kankit/opentsdb/build-aux/missing --run makeinfo'
MD5='/usr/bin/md5sum'
MKDIR_P='/bin/mkdir -p'
PACKAGE='opentsdb'
PACKAGE_BUGREPORT='opentsdb@googlegroups.com'
PACKAGE_NAME='opentsdb'
PACKAGE_STRING='opentsdb 2.2.0-SNAPSHOT'
PACKAGE_TARNAME='opentsdb'
PACKAGE_URL=''
PACKAGE_VERSION='2.2.0-SNAPSHOT'
PATH_SEPARATOR=':'
SET_MAKE=''
SHELL='/bin/bash'
STRIP=''
VERSION='2.2.0-SNAPSHOT'
WGET='/usr/bin/wget'
am__isrc=' -I$(srcdir)'
am__leading_dot='.'
am__tar='${AMTAR} chof - "$$tardir"'
am__untar='${AMTAR} xf -'
bindir='${exec_prefix}/bin'
build_alias=''
datadir='${datarootdir}'
datarootdir='${prefix}/share'
docdir='${datarootdir}/doc/${PACKAGE_TARNAME}'
dvidir='${docdir}'
exec_prefix='${prefix}'
host_alias=''
htmldir='${docdir}'
includedir='${prefix}/include'
infodir='${datarootdir}/info'
install_sh='${SHELL} /home/kankit/opentsdb/build-aux/install-sh'
libdir='${exec_prefix}/lib'
libexecdir='${exec_prefix}/libexec'
localedir='${datarootdir}/locale'
localstatedir='${prefix}/var'
mandir='${datarootdir}/man'
mkdir_p='/bin/mkdir -p'
oldincludedir='/usr/include'
pdfdir='${docdir}'
prefix='/usr/local'
program_transform_name='s,x,x,'
psdir='${docdir}'
sbindir='${exec_prefix}/sbin'
sharedstatedir='${prefix}/com'
staticdir='${pkgdatadir}/static'
sysconfdir='${prefix}/etc'
target_alias=''

## ----------- ##
## confdefs.h. ##
## ----------- ##

/* confdefs.h */
#define PACKAGE_NAME "opentsdb"
#define PACKAGE_TARNAME "opentsdb"
#define PACKAGE_VERSION "2.2.0-SNAPSHOT"
#define PACKAGE_STRING "opentsdb 2.2.0-SNAPSHOT"
#define PACKAGE_BUGREPORT "opentsdb@googlegroups.com"
#define PACKAGE_URL ""
#define PACKAGE "opentsdb"
#define VERSION "2.2.0-SNAPSHOT"

configure: exit 0
